Assuming unrestricted shared filesystem usage.
host: LAPTOP-GH71FSAC
Building DAG of jobs...
Provided cores: 1 (use --cores to define parallelism)
Rules claiming more threads will be scaled down.
Job stats:
job                      count
---------------------  -------
all                          1
pm25_archive_download        1
pm25_clean                   2
pm25_dictionaries            1
pm25_metadata                1
total                        6

Select jobs to execute...
Execute 1 jobs...
[Thu Jan 29 15:15:18 2026]
localrule pm25_metadata:
    output: data/metadata.pkl
    jobid: 1
    reason: Code has changed since last execution
    resources: tmpdir=C:\Users\anast\AppData\Local\Temp
Select jobs to execute...
[Thu Jan 29 15:15:21 2026]
Finished jobid: 1 (Rule: pm25_metadata)
1 of 6 steps (17%) done
Execute 1 jobs...
[Thu Jan 29 15:15:21 2026]
localrule pm25_dictionaries:
    input: data/metadata.pkl
    output: data/dictionaries.pkl
    jobid: 4
    reason: Input files updated by another job: data/metadata.pkl
    resources: tmpdir=C:\Users\anast\AppData\Local\Temp
Select jobs to execute...
[Thu Jan 29 15:15:22 2026]
Finished jobid: 4 (Rule: pm25_dictionaries)
2 of 6 steps (33%) done
Execute 1 jobs...
[Thu Jan 29 15:15:22 2026]
localrule pm25_clean:
    input: data/dictionaries.pkl, data/raw/pm25_data_2021.pkl
    output: data/clean/pm25_data_clean_2021.pkl
    jobid: 5
    reason: Missing output files: data/clean/pm25_data_clean_2021.pkl; Input files updated by another job: data/dictionaries.pkl
    wildcards: year=2021
    resources: tmpdir=C:\Users\anast\AppData\Local\Temp
Select jobs to execute...
RuleException:
CalledProcessError in file "C:\Users\anast\Documents\studia_magisterka\I_semestr\ZTP\project4\Snakefile", line 45:
Command 'C:/Users/anast/envs/ztp/Scripts/python.exe "C:\Users\anast\Documents\studia_magisterka\I_semestr\ZTP\project4\.snakemake\scripts\tmpixbutzft.clean_data.py"' returned non-zero exit status 1.
[Thu Jan 29 15:15:23 2026]
Error in rule pm25_clean:
    message: None
    jobid: 5
    input: data/dictionaries.pkl, data/raw/pm25_data_2021.pkl
    output: data/clean/pm25_data_clean_2021.pkl
Shutting down, this might take some time.
Exiting because a job execution failed. Look below for error messages
[Thu Jan 29 15:15:23 2026]
Error in rule pm25_clean:
    message: None
    jobid: 5
    input: data/dictionaries.pkl, data/raw/pm25_data_2021.pkl
    output: data/clean/pm25_data_clean_2021.pkl
Complete log(s): C:\Users\anast\Documents\studia_magisterka\I_semestr\ZTP\project4\.snakemake\log\2026-01-29T151517.792846.snakemake.log
WorkflowError:
At least one job did not complete successfully.
