Assuming unrestricted shared filesystem usage.
host: LAPTOP-GH71FSAC
Building DAG of jobs...
Provided cores: 1 (use --cores to define parallelism)
Rules claiming more threads will be scaled down.
Job stats:
job                     count
--------------------  -------
all                         1
pm25_exceedance_days        2
total                       3

Select jobs to execute...
Execute 1 jobs...
[Thu Jan 29 18:28:30 2026]
localrule pm25_exceedance_days:
    input: data/clean/pm25_data_common_2021.pkl
    output: results/pm25/2021/exceedance_days.csv
    jobid: 13
    reason: Missing output files: results/pm25/2021/exceedance_days.csv
    wildcards: year=2021
    resources: tmpdir=C:\Users\anast\AppData\Local\Temp
[Thu Jan 29 18:28:31 2026]
Finished jobid: 13 (Rule: pm25_exceedance_days)
1 of 3 steps (33%) done
Select jobs to execute...
Execute 1 jobs...
[Thu Jan 29 18:28:31 2026]
localrule pm25_exceedance_days:
    input: data/clean/pm25_data_common_2024.pkl
    output: results/pm25/2024/exceedance_days.csv
    jobid: 14
    reason: Missing output files: results/pm25/2024/exceedance_days.csv
    wildcards: year=2024
    resources: tmpdir=C:\Users\anast\AppData\Local\Temp
[Thu Jan 29 18:28:32 2026]
Finished jobid: 14 (Rule: pm25_exceedance_days)
2 of 3 steps (67%) done
Select jobs to execute...
Execute 1 jobs...
[Thu Jan 29 18:28:32 2026]
localrule all:
    input: data/metadata.pkl, data/raw/pm25_data_2021.pkl, data/raw/pm25_data_2024.pkl, data/dictionaries.pkl, data/clean/pm25_data_clean_2021.pkl, data/clean/pm25_data_clean_2024.pkl, data/pm25_data_merged.pkl, data/common_stations.pkl, data/clean/pm25_data_common_2021.pkl, data/clean/pm25_data_common_2024.pkl, results/pm25/2021/month_means.csv, results/pm25/2024/month_means.csv, results/pm25/chosen_cities_month_means.csv, results/pm25/2021/exceedance_days.csv, results/pm25/2024/exceedance_days.csv
    jobid: 0
    reason: Input files updated by another job: results/pm25/2021/exceedance_days.csv, results/pm25/2024/exceedance_days.csv
    resources: tmpdir=C:\Users\anast\AppData\Local\Temp
[Thu Jan 29 18:28:32 2026]
Finished jobid: 0 (Rule: all)
3 of 3 steps (100%) done
Complete log(s): C:\Users\anast\Documents\studia_magisterka\I_semestr\ZTP\project4\.snakemake\log\2026-01-29T182829.900585.snakemake.log
