Assuming unrestricted shared filesystem usage.
host: LAPTOP-GH71FSAC
Building DAG of jobs...
Provided cores: 1 (use --cores to define parallelism)
Rules claiming more threads will be scaled down.
Job stats:
job                   count
------------------  -------
all                       1
pm25_filter_common        2
total                     3

Select jobs to execute...
Execute 1 jobs...
[Thu Jan 29 17:10:31 2026]
localrule pm25_filter_common:
    input: data/common_stations.pkl, data/clean/pm25_data_clean_2024.pkl
    output: data/clean/pm25_data_common_2024.pkl
    jobid: 9
    reason: Missing output files: data/clean/pm25_data_common_2024.pkl
    wildcards: year=2024
    resources: tmpdir=C:\Users\anast\AppData\Local\Temp
Select jobs to execute...
RuleException:
CalledProcessError in file "C:\Users\anast\Documents\studia_magisterka\I_semestr\ZTP\project4\Snakefile", line 79:
Command 'C:/Users/anast/envs/ztp/Scripts/python.exe "C:\Users\anast\Documents\studia_magisterka\I_semestr\ZTP\project4\.snakemake\scripts\tmpkypr_t3k.filter_common_stations.py"' returned non-zero exit status 1.
[Thu Jan 29 17:10:32 2026]
Error in rule pm25_filter_common:
    message: None
    jobid: 9
    input: data/common_stations.pkl, data/clean/pm25_data_clean_2024.pkl
    output: data/clean/pm25_data_common_2024.pkl
Shutting down, this might take some time.
Exiting because a job execution failed. Look below for error messages
[Thu Jan 29 17:10:32 2026]
Error in rule pm25_filter_common:
    message: None
    jobid: 9
    input: data/common_stations.pkl, data/clean/pm25_data_clean_2024.pkl
    output: data/clean/pm25_data_common_2024.pkl
Complete log(s): C:\Users\anast\Documents\studia_magisterka\I_semestr\ZTP\project4\.snakemake\log\2026-01-29T171031.287603.snakemake.log
WorkflowError:
At least one job did not complete successfully.
