Assuming unrestricted shared filesystem usage.
host: LAPTOP-GH71FSAC
Building DAG of jobs...
Provided cores: 1 (use --cores to define parallelism)
Rules claiming more threads will be scaled down.
Job stats:
job                count
---------------  -------
all                    1
pubmed_download        2
total                  3

Select jobs to execute...
Execute 1 jobs...
[Fri Jan 30 00:16:44 2026]
localrule pubmed_download:
    input: config/task4.yaml
    output: results/literature/2021/pubmed_data.csv, results/literature/2021/summary_by_year.csv, results/literature/2021/top_journals.csv, results/literature/2021/avg_authors.txt
    jobid: 15
    reason: Missing output files: results/literature/2021/avg_authors.txt, results/literature/2021/summary_by_year.csv, results/literature/2021/top_journals.csv
    wildcards: year=2021
    resources: tmpdir=C:\Users\anast\AppData\Local\Temp
Select jobs to execute...
[Fri Jan 30 00:17:36 2026]
Finished jobid: 15 (Rule: pubmed_download)
1 of 3 steps (33%) done
Execute 1 jobs...
[Fri Jan 30 00:17:36 2026]
localrule pubmed_download:
    input: config/task4.yaml
    output: results/literature/2024/pubmed_data.csv, results/literature/2024/summary_by_year.csv, results/literature/2024/top_journals.csv, results/literature/2024/avg_authors.txt
    jobid: 16
    reason: Missing output files: results/literature/2024/top_journals.csv, results/literature/2024/avg_authors.txt, results/literature/2024/summary_by_year.csv
    wildcards: year=2024
    resources: tmpdir=C:\Users\anast\AppData\Local\Temp
[Fri Jan 30 00:18:31 2026]
Finished jobid: 16 (Rule: pubmed_download)
2 of 3 steps (67%) done
Select jobs to execute...
Execute 1 jobs...
[Fri Jan 30 00:18:31 2026]
localrule all:
    input: data/metadata.pkl, data/raw/pm25_data_2021.pkl, data/raw/pm25_data_2024.pkl, data/dictionaries.pkl, data/clean/pm25_data_clean_2021.pkl, data/clean/pm25_data_clean_2024.pkl, data/pm25_data_merged.pkl, data/common_stations.pkl, data/clean/pm25_data_common_2021.pkl, data/clean/pm25_data_common_2024.pkl, results/pm25/2021/month_means.csv, results/pm25/2024/month_means.csv, results/pm25/chosen_cities_month_means.csv, results/pm25/2021/exceedance_days.csv, results/pm25/2024/exceedance_days.csv, results/literature/2021/pubmed_data.csv, results/literature/2024/pubmed_data.csv, results/literature/2021/summary_by_year.csv, results/literature/2024/summary_by_year.csv, results/literature/2021/top_journals.csv, results/literature/2024/top_journals.csv, results/literature/2021/avg_authors.txt, results/literature/2024/avg_authors.txt
    jobid: 0
    reason: Input files updated by another job: results/literature/2024/pubmed_data.csv, results/literature/2024/avg_authors.txt, results/literature/2021/top_journals.csv, results/literature/2021/summary_by_year.csv, results/literature/2021/avg_authors.txt, results/literature/2024/summary_by_year.csv, results/literature/2024/top_journals.csv, results/literature/2021/pubmed_data.csv
    resources: tmpdir=C:\Users\anast\AppData\Local\Temp
[Fri Jan 30 00:18:31 2026]
Finished jobid: 0 (Rule: all)
3 of 3 steps (100%) done
Complete log(s): C:\Users\anast\Documents\studia_magisterka\I_semestr\ZTP\project4\.snakemake\log\2026-01-30T001643.690664.snakemake.log
