Assuming unrestricted shared filesystem usage.
host: LAPTOP-GH71FSAC
Building DAG of jobs...
Provided cores: 1 (use --cores to define parallelism)
Rules claiming more threads will be scaled down.
Job stats:
job                      count
---------------------  -------
all                          1
pm25_archive_download        2
pm25_metadata                1
total                        4

Select jobs to execute...
Execute 1 jobs...
[Thu Jan 29 12:53:17 2026]
localrule pm25_metadata:
    output: C:/Users/anast/Documents/studia_magisterka/I_semestr/ZTP/project4/data/metadata.parquet
    jobid: 1
    reason: Missing output files: C:/Users/anast/Documents/studia_magisterka/I_semestr/ZTP/project4/data/metadata.parquet
    resources: tmpdir=C:\Users\anast\AppData\Local\Temp
Select jobs to execute...
RuleException:
CalledProcessError in file "C:\Users\anast\Documents\studia_magisterka\I_semestr\ZTP\project4\Snakefile", line 15:
Command 'C:/Users/anast/envs/ztp/Scripts/python.exe "C:\Users\anast\Documents\studia_magisterka\I_semestr\ZTP\project4\.snakemake\scripts\tmpkknb3zw3.run_metadata.py"' returned non-zero exit status 1.
[Thu Jan 29 12:53:24 2026]
Error in rule pm25_metadata:
    message: None
    jobid: 1
    output: C:/Users/anast/Documents/studia_magisterka/I_semestr/ZTP/project4/data/metadata.parquet
Shutting down, this might take some time.
Exiting because a job execution failed. Look below for error messages
[Thu Jan 29 12:53:24 2026]
Error in rule pm25_metadata:
    message: None
    jobid: 1
    output: C:/Users/anast/Documents/studia_magisterka/I_semestr/ZTP/project4/data/metadata.parquet
Complete log(s): C:\Users\anast\Documents\studia_magisterka\I_semestr\ZTP\project4\.snakemake\log\2026-01-29T125317.588555.snakemake.log
WorkflowError:
At least one job did not complete successfully.
