Assuming unrestricted shared filesystem usage.
host: LAPTOP-GH71FSAC
Building DAG of jobs...
Provided cores: 1 (use --cores to define parallelism)
Rules claiming more threads will be scaled down.
Job stats:
job                             count
----------------------------  -------
all                                 1
pm25_means_for_chosen_cities        1
total                               2

Select jobs to execute...
Execute 1 jobs...
[Thu Jan 29 18:11:53 2026]
localrule pm25_means_for_chosen_cities:
    input: results/pm25/2021/month_means.csv
    output: results/pm25/chosen_cities_month_means.csv
    jobid: 12
    reason: Code has changed since last execution
    resources: tmpdir=C:\Users\anast\AppData\Local\Temp
[Thu Jan 29 18:11:54 2026]
Finished jobid: 12 (Rule: pm25_means_for_chosen_cities)
1 of 2 steps (50%) done
Select jobs to execute...
Execute 1 jobs...
[Thu Jan 29 18:11:54 2026]
localrule all:
    input: data/metadata.pkl, data/raw/pm25_data_2021.pkl, data/raw/pm25_data_2024.pkl, data/dictionaries.pkl, data/clean/pm25_data_clean_2021.pkl, data/clean/pm25_data_clean_2024.pkl, data/pm25_data_merged.pkl, data/common_stations.pkl, data/clean/pm25_data_common_2021.pkl, data/clean/pm25_data_common_2024.pkl, results/pm25/2021/month_means.csv, results/pm25/2024/month_means.csv, results/pm25/chosen_cities_month_means.csv
    jobid: 0
    reason: Input files updated by another job: results/pm25/chosen_cities_month_means.csv
    resources: tmpdir=C:\Users\anast\AppData\Local\Temp
[Thu Jan 29 18:11:54 2026]
Finished jobid: 0 (Rule: all)
2 of 2 steps (100%) done
Complete log(s): C:\Users\anast\Documents\studia_magisterka\I_semestr\ZTP\project4\.snakemake\log\2026-01-29T181153.207809.snakemake.log
