Assuming unrestricted shared filesystem usage.
host: LAPTOP-GH71FSAC
Building DAG of jobs...
Provided cores: 1 (use --cores to define parallelism)
Rules claiming more threads will be scaled down.
Job stats:
job           count
----------  -------
all               1
pm25_merge        1
total             2

Select jobs to execute...
Execute 1 jobs...
[Thu Jan 29 15:25:07 2026]
localrule pm25_merge:
    input: data/dictionaries.pkl, data/clean/pm25_data_clean_2021.pkl, data/clean/pm25_data_clean_2024.pkl
    output: data/pm25_data_merged.pkl
    jobid: 7
    reason: Missing output files: data/pm25_data_merged.pkl
    resources: tmpdir=C:\Users\anast\AppData\Local\Temp
RuleException:
CalledProcessError in file "C:\Users\anast\Documents\studia_magisterka\I_semestr\ZTP\project4\Snakefile", line 55:
Command 'C:/Users/anast/envs/ztp/Scripts/python.exe "C:\Users\anast\Documents\studia_magisterka\I_semestr\ZTP\project4\.snakemake\scripts\tmpmq3vy7hr.merge_data.py"' returned non-zero exit status 1.
[Thu Jan 29 15:25:08 2026]
Error in rule pm25_merge:
    message: None
    jobid: 7
    input: data/dictionaries.pkl, data/clean/pm25_data_clean_2021.pkl, data/clean/pm25_data_clean_2024.pkl
    output: data/pm25_data_merged.pkl
Shutting down, this might take some time.
Exiting because a job execution failed. Look below for error messages
[Thu Jan 29 15:25:08 2026]
Error in rule pm25_merge:
    message: None
    jobid: 7
    input: data/dictionaries.pkl, data/clean/pm25_data_clean_2021.pkl, data/clean/pm25_data_clean_2024.pkl
    output: data/pm25_data_merged.pkl
Complete log(s): C:\Users\anast\Documents\studia_magisterka\I_semestr\ZTP\project4\.snakemake\log\2026-01-29T152507.050283.snakemake.log
WorkflowError:
At least one job did not complete successfully.
