Assuming unrestricted shared filesystem usage.
host: LAPTOP-GH71FSAC
Building DAG of jobs...
Provided cores: 1 (use --cores to define parallelism)
Rules claiming more threads will be scaled down.
Job stats:
job                 count
----------------  -------
all                     1
pm25_month_means        2
total                   3

Select jobs to execute...
Execute 1 jobs...
[Thu Jan 29 17:29:50 2026]
localrule pm25_month_means:
    input: data/clean/pm25_data_common_2021.pkl
    output: results/pm25/2021/month_means.csv
    jobid: 10
    reason: Missing output files: results/pm25/2021/month_means.csv
    wildcards: year=2021
    resources: tmpdir=C:\Users\anast\AppData\Local\Temp
Select jobs to execute...
[Thu Jan 29 17:29:51 2026]
Finished jobid: 10 (Rule: pm25_month_means)
1 of 3 steps (33%) done
Execute 1 jobs...
[Thu Jan 29 17:29:51 2026]
localrule pm25_month_means:
    input: data/clean/pm25_data_common_2024.pkl
    output: results/pm25/2024/month_means.csv
    jobid: 11
    reason: Missing output files: results/pm25/2024/month_means.csv
    wildcards: year=2024
    resources: tmpdir=C:\Users\anast\AppData\Local\Temp
[Thu Jan 29 17:29:52 2026]
Finished jobid: 11 (Rule: pm25_month_means)
2 of 3 steps (67%) done
Select jobs to execute...
Execute 1 jobs...
[Thu Jan 29 17:29:52 2026]
localrule all:
    input: data/metadata.pkl, data/raw/pm25_data_2021.pkl, data/raw/pm25_data_2024.pkl, data/dictionaries.pkl, data/clean/pm25_data_clean_2021.pkl, data/clean/pm25_data_clean_2024.pkl, data/pm25_data_merged.pkl, data/common_stations.pkl, data/clean/pm25_data_common_2021.pkl, data/clean/pm25_data_common_2024.pkl, results/pm25/2021/month_means.csv, results/pm25/2024/month_means.csv
    jobid: 0
    reason: Input files updated by another job: results/pm25/2024/month_means.csv, results/pm25/2021/month_means.csv
    resources: tmpdir=C:\Users\anast\AppData\Local\Temp
[Thu Jan 29 17:29:52 2026]
Finished jobid: 0 (Rule: all)
3 of 3 steps (100%) done
Complete log(s): C:\Users\anast\Documents\studia_magisterka\I_semestr\ZTP\project4\.snakemake\log\2026-01-29T172949.898699.snakemake.log
