Assuming unrestricted shared filesystem usage.
host: LAPTOP-GH71FSAC
Building DAG of jobs...
Provided cores: 1 (use --cores to define parallelism)
Rules claiming more threads will be scaled down.
Job stats:
job                      count
---------------------  -------
all                          1
pm25_archive_download        1
pm25_clean                   2
total                        4

Select jobs to execute...
Execute 1 jobs...
[Thu Jan 29 15:06:22 2026]
localrule pm25_clean:
    input: data/dictionaries.pkl, data/raw/pm25_data_2021.pkl
    output: data/clean/pm25_data_clean_2021.pkl
    jobid: 5
    reason: Missing output files: data/clean/pm25_data_clean_2021.pkl
    wildcards: year=2021
    resources: tmpdir=C:\Users\anast\AppData\Local\Temp
Waiting at most 5 seconds for missing files:
data/clean/pm25_data_clean_2021.pkl (missing locally)
MissingOutputException in rule pm25_clean in file "C:\Users\anast\Documents\studia_magisterka\I_semestr\ZTP\project4\Snakefile", line 38:
Job 5  completed successfully, but some output files are missing. Missing files after 5 seconds. This might be due to filesystem latency. If that is the case, consider to increase the wait time with --latency-wait:
data/clean/pm25_data_clean_2021.pkl (missing locally, parent dir contents: )
Shutting down, this might take some time.
Exiting because a job execution failed. Look below for error messages
[Thu Jan 29 15:06:28 2026]
Error in rule pm25_clean:
    message: None
    jobid: 5
    input: data/dictionaries.pkl, data/raw/pm25_data_2021.pkl
    output: data/clean/pm25_data_clean_2021.pkl
Complete log(s): C:\Users\anast\Documents\studia_magisterka\I_semestr\ZTP\project4\.snakemake\log\2026-01-29T150622.548135.snakemake.log
WorkflowError:
At least one job did not complete successfully.
