Assuming unrestricted shared filesystem usage.
host: LAPTOP-GH71FSAC
Building DAG of jobs...
Provided cores: 1 (use --cores to define parallelism)
Rules claiming more threads will be scaled down.
Job stats:
job                      count
---------------------  -------
all                          1
pm25_archive_download        2
pm25_clean                   2
pm25_dictionaries            1
pm25_merge                   1
pm25_metadata                1
total                        8

Select jobs to execute...
Execute 1 jobs...
[Thu Jan 29 15:38:04 2026]
localrule pm25_archive_download:
    output: data/raw/pm25_data_2021.pkl
    jobid: 2
    reason: Missing output files: data/raw/pm25_data_2021.pkl; Code has changed since last execution
    wildcards: year=2021
    resources: tmpdir=C:\Users\anast\AppData\Local\Temp
Select jobs to execute...
[Thu Jan 29 15:40:22 2026]
Finished jobid: 2 (Rule: pm25_archive_download)
1 of 8 steps (12%) done
Execute 1 jobs...
[Thu Jan 29 15:40:22 2026]
localrule pm25_archive_download:
    output: data/raw/pm25_data_2024.pkl
    jobid: 3
    reason: Missing output files: data/raw/pm25_data_2024.pkl; Code has changed since last execution
    wildcards: year=2024
    resources: tmpdir=C:\Users\anast\AppData\Local\Temp
Select jobs to execute...
[Thu Jan 29 15:41:42 2026]
Finished jobid: 3 (Rule: pm25_archive_download)
2 of 8 steps (25%) done
Execute 1 jobs...
[Thu Jan 29 15:41:42 2026]
localrule pm25_metadata:
    output: data/metadata.pkl
    jobid: 1
    reason: Code has changed since last execution
    resources: tmpdir=C:\Users\anast\AppData\Local\Temp
[Thu Jan 29 15:41:45 2026]
Finished jobid: 1 (Rule: pm25_metadata)
3 of 8 steps (38%) done
Select jobs to execute...
Execute 1 jobs...
[Thu Jan 29 15:41:45 2026]
localrule pm25_dictionaries:
    input: data/metadata.pkl
    output: data/dictionaries.pkl
    jobid: 4
    reason: Input files updated by another job: data/metadata.pkl
    resources: tmpdir=C:\Users\anast\AppData\Local\Temp
[Thu Jan 29 15:41:46 2026]
Finished jobid: 4 (Rule: pm25_dictionaries)
4 of 8 steps (50%) done
Select jobs to execute...
Execute 2 jobs...
[Thu Jan 29 15:41:46 2026]
localrule pm25_clean:
    input: data/dictionaries.pkl, data/raw/pm25_data_2021.pkl
    output: data/clean/pm25_data_clean_2021.pkl
    jobid: 5
    reason: Missing output files: data/clean/pm25_data_clean_2021.pkl; Input files updated by another job: data/raw/pm25_data_2021.pkl, data/dictionaries.pkl
    wildcards: year=2021
    resources: tmpdir=C:\Users\anast\AppData\Local\Temp
[Thu Jan 29 15:41:46 2026]
localrule pm25_clean:
    input: data/dictionaries.pkl, data/raw/pm25_data_2024.pkl
    output: data/clean/pm25_data_clean_2024.pkl
    jobid: 6
    reason: Missing output files: data/clean/pm25_data_clean_2024.pkl; Input files updated by another job: data/raw/pm25_data_2024.pkl, data/dictionaries.pkl
    wildcards: year=2024
    resources: tmpdir=C:\Users\anast\AppData\Local\Temp
[Thu Jan 29 15:41:47 2026]
Finished jobid: 5 (Rule: pm25_clean)
5 of 8 steps (62%) done
[Thu Jan 29 15:41:47 2026]
Finished jobid: 6 (Rule: pm25_clean)
6 of 8 steps (75%) done
Select jobs to execute...
Execute 1 jobs...
[Thu Jan 29 15:41:47 2026]
localrule pm25_merge:
    input: data/dictionaries.pkl, data/clean/pm25_data_clean_2021.pkl, data/clean/pm25_data_clean_2024.pkl
    output: data/pm25_data_merged.pkl
    jobid: 7
    reason: Input files updated by another job: data/clean/pm25_data_clean_2024.pkl, data/clean/pm25_data_clean_2021.pkl, data/dictionaries.pkl
    resources: tmpdir=C:\Users\anast\AppData\Local\Temp
[Thu Jan 29 15:41:48 2026]
Finished jobid: 7 (Rule: pm25_merge)
7 of 8 steps (88%) done
Select jobs to execute...
Execute 1 jobs...
[Thu Jan 29 15:41:48 2026]
localrule all:
    input: data/metadata.pkl, data/raw/pm25_data_2021.pkl, data/raw/pm25_data_2024.pkl, data/dictionaries.pkl, data/clean/pm25_data_clean_2021.pkl, data/clean/pm25_data_clean_2024.pkl, data/pm25_data_merged.pkl
    jobid: 0
    reason: Input files updated by another job: data/raw/pm25_data_2024.pkl, data/raw/pm25_data_2021.pkl, data/dictionaries.pkl, data/clean/pm25_data_clean_2024.pkl, data/pm25_data_merged.pkl, data/clean/pm25_data_clean_2021.pkl, data/metadata.pkl
    resources: tmpdir=C:\Users\anast\AppData\Local\Temp
[Thu Jan 29 15:41:48 2026]
Finished jobid: 0 (Rule: all)
8 of 8 steps (100%) done
Complete log(s): C:\Users\anast\Documents\studia_magisterka\I_semestr\ZTP\project4\.snakemake\log\2026-01-29T153803.921486.snakemake.log
