Assuming unrestricted shared filesystem usage.
host: LAPTOP-GH71FSAC
Building DAG of jobs...
Provided cores: 1 (use --cores to define parallelism)
Rules claiming more threads will be scaled down.
Job stats:
job                      count
---------------------  -------
all                          1
pm25_archive_download        2
pm25_metadata                1
total                        4

Select jobs to execute...
Execute 1 jobs...
[Thu Jan 29 13:03:52 2026]
localrule pm25_metadata:
    output: C:/Users/anast/Documents/studia_magisterka/I_semestr/ZTP/project4/data/metadata.parquet
    jobid: 1
    reason: Missing output files: C:/Users/anast/Documents/studia_magisterka/I_semestr/ZTP/project4/data/metadata.parquet
    resources: tmpdir=C:\Users\anast\AppData\Local\Temp
Select jobs to execute...
[Thu Jan 29 13:03:58 2026]
Finished jobid: 1 (Rule: pm25_metadata)
1 of 4 steps (25%) done
Execute 1 jobs...
[Thu Jan 29 13:03:58 2026]
localrule pm25_archive_download:
    output: C:/Users/anast/Documents/studia_magisterka/I_semestr/ZTP/project4/data/2021/pm25_data_2021.parquet
    jobid: 2
    reason: Missing output files: C:/Users/anast/Documents/studia_magisterka/I_semestr/ZTP/project4/data/2021/pm25_data_2021.parquet
    wildcards: year=2021
    resources: tmpdir=C:\Users\anast\AppData\Local\Temp
Select jobs to execute...
RuleException:
CalledProcessError in file "C:\Users\anast\Documents\studia_magisterka\I_semestr\ZTP\project4\Snakefile", line 27:
Command 'C:/Users/anast/envs/ztp/Scripts/python.exe "C:\Users\anast\Documents\studia_magisterka\I_semestr\ZTP\project4\.snakemake\scripts\tmpn2n20vnh.run_archive_data_year.py"' returned non-zero exit status 1.
[Thu Jan 29 13:07:00 2026]
Error in rule pm25_archive_download:
    message: None
    jobid: 2
    output: C:/Users/anast/Documents/studia_magisterka/I_semestr/ZTP/project4/data/2021/pm25_data_2021.parquet
Shutting down, this might take some time.
Exiting because a job execution failed. Look below for error messages
[Thu Jan 29 13:07:00 2026]
Error in rule pm25_archive_download:
    message: None
    jobid: 2
    output: C:/Users/anast/Documents/studia_magisterka/I_semestr/ZTP/project4/data/2021/pm25_data_2021.parquet
Complete log(s): C:\Users\anast\Documents\studia_magisterka\I_semestr\ZTP\project4\.snakemake\log\2026-01-29T130352.001976.snakemake.log
WorkflowError:
At least one job did not complete successfully.
