Assuming unrestricted shared filesystem usage.
host: LAPTOP-GH71FSAC
Building DAG of jobs...
Provided cores: 1 (use --cores to define parallelism)
Rules claiming more threads will be scaled down.
Job stats:
job                             count
----------------------------  -------
all                                 1
pm25_archive_download               2
pm25_clean                          2
pm25_dictionaries                   1
pm25_exceedance_days                2
pm25_filter_common                  2
pm25_find_common                    1
pm25_means_for_chosen_cities        1
pm25_metadata                       1
pm25_month_means                    2
total                              15

Select jobs to execute...
Execute 1 jobs...
[Thu Jan 29 18:53:26 2026]
localrule pm25_archive_download:
    output: data/raw/pm25_data_2024.pkl
    jobid: 3
    reason: Code has changed since last execution
    wildcards: year=2024
    resources: tmpdir=C:\Users\anast\AppData\Local\Temp
Select jobs to execute...
RuleException:
CalledProcessError in file "C:\Users\anast\Documents\studia_magisterka\I_semestr\ZTP\project4\Snakefile", line 45:
Command 'C:/Users/anast/envs/ztp/Scripts/python.exe "C:\Users\anast\Documents\studia_magisterka\I_semestr\ZTP\project4\.snakemake\scripts\tmp98gf702n.download_archive_data_year.py"' returned non-zero exit status 1.
[Thu Jan 29 18:53:28 2026]
Error in rule pm25_archive_download:
    message: None
    jobid: 3
    output: data/raw/pm25_data_2024.pkl
Shutting down, this might take some time.
Exiting because a job execution failed. Look below for error messages
[Thu Jan 29 18:53:28 2026]
Error in rule pm25_archive_download:
    message: None
    jobid: 3
    output: data/raw/pm25_data_2024.pkl
Complete log(s): C:\Users\anast\Documents\studia_magisterka\I_semestr\ZTP\project4\.snakemake\log\2026-01-29T185326.467299.snakemake.log
WorkflowError:
At least one job did not complete successfully.
