Assuming unrestricted shared filesystem usage.
host: LAPTOP-GH71FSAC
Building DAG of jobs...
Provided cores: 1 (use --cores to define parallelism)
Rules claiming more threads will be scaled down.
Job stats:
job                             count
----------------------------  -------
all                                 1
pm25_filter_common                  2
pm25_monthly_avg_per_station        2
total                               5

Select jobs to execute...
Execute 1 jobs...
[Thu Jan 29 17:17:55 2026]
localrule pm25_filter_common:
    input: data/dictionaries.pkl, data/common_stations.pkl, data/clean/pm25_data_clean_2021.pkl
    output: data/clean/pm25_data_common_2021.pkl
    jobid: 8
    reason: Code has changed since last execution
    wildcards: year=2021
    resources: tmpdir=C:\Users\anast\AppData\Local\Temp
Select jobs to execute...
[Thu Jan 29 17:17:56 2026]
Finished jobid: 8 (Rule: pm25_filter_common)
1 of 5 steps (20%) done
Execute 1 jobs...
[Thu Jan 29 17:17:56 2026]
localrule pm25_filter_common:
    input: data/dictionaries.pkl, data/common_stations.pkl, data/clean/pm25_data_clean_2024.pkl
    output: data/clean/pm25_data_common_2024.pkl
    jobid: 9
    reason: Code has changed since last execution
    wildcards: year=2024
    resources: tmpdir=C:\Users\anast\AppData\Local\Temp
Select jobs to execute...
[Thu Jan 29 17:17:58 2026]
Finished jobid: 9 (Rule: pm25_filter_common)
2 of 5 steps (40%) done
Execute 1 jobs...
[Thu Jan 29 17:17:58 2026]
localrule pm25_monthly_avg_per_station:
    input: data/clean/pm25_data_common_2021.pkl
    output: results/pm25/2021/monthly_avg_per_station.csv
    jobid: 10
    reason: Missing output files: results/pm25/2021/monthly_avg_per_station.csv; Input files updated by another job: data/clean/pm25_data_common_2021.pkl
    wildcards: year=2021
    resources: tmpdir=C:\Users\anast\AppData\Local\Temp
[Thu Jan 29 17:17:58 2026]
Finished jobid: 10 (Rule: pm25_monthly_avg_per_station)
3 of 5 steps (60%) done
Select jobs to execute...
Execute 1 jobs...
[Thu Jan 29 17:17:58 2026]
localrule pm25_monthly_avg_per_station:
    input: data/clean/pm25_data_common_2024.pkl
    output: results/pm25/2024/monthly_avg_per_station.csv
    jobid: 11
    reason: Missing output files: results/pm25/2024/monthly_avg_per_station.csv; Input files updated by another job: data/clean/pm25_data_common_2024.pkl
    wildcards: year=2024
    resources: tmpdir=C:\Users\anast\AppData\Local\Temp
[Thu Jan 29 17:17:59 2026]
Finished jobid: 11 (Rule: pm25_monthly_avg_per_station)
4 of 5 steps (80%) done
Select jobs to execute...
Execute 1 jobs...
[Thu Jan 29 17:17:59 2026]
localrule all:
    input: data/metadata.pkl, data/raw/pm25_data_2021.pkl, data/raw/pm25_data_2024.pkl, data/dictionaries.pkl, data/clean/pm25_data_clean_2021.pkl, data/clean/pm25_data_clean_2024.pkl, data/pm25_data_merged.pkl, data/common_stations.pkl, data/clean/pm25_data_common_2021.pkl, data/clean/pm25_data_common_2024.pkl, results/pm25/2021/monthly_avg_per_station.csv, results/pm25/2024/monthly_avg_per_station.csv
    jobid: 0
    reason: Input files updated by another job: data/clean/pm25_data_common_2024.pkl, results/pm25/2021/monthly_avg_per_station.csv, results/pm25/2024/monthly_avg_per_station.csv, data/clean/pm25_data_common_2021.pkl
    resources: tmpdir=C:\Users\anast\AppData\Local\Temp
[Thu Jan 29 17:17:59 2026]
Finished jobid: 0 (Rule: all)
5 of 5 steps (100%) done
Complete log(s): C:\Users\anast\Documents\studia_magisterka\I_semestr\ZTP\project4\.snakemake\log\2026-01-29T171755.371125.snakemake.log
