Assuming unrestricted shared filesystem usage.
host: LAPTOP-GH71FSAC
Building DAG of jobs...
Provided cores: 1 (use --cores to define parallelism)
Rules claiming more threads will be scaled down.
Job stats:
job                      count
---------------------  -------
all                          1
pm25_archive_download        4
pm25_metadata                1
total                        6

Select jobs to execute...
Execute 1 jobs...
[Thu Jan 29 12:30:45 2026]
localrule pm25_archive_download:
    output: data/2021/pm25_data_2021.parquet
    jobid: 4
    reason: Missing output files: data/2021/pm25_data_2021.parquet; Code has changed since last execution
    wildcards: year=2021
    resources: tmpdir=C:\Users\anast\AppData\Local\Temp
RuleException:
OSError in file "C:\Users\anast\Documents\studia_magisterka\I semestr\ZTP\project4\Snakefile", line 27:
[WinError 123] Nazwa pliku, nazwa katalogu lub sk³adnia etykiety woluminu jest niepoprawna: 'C:\\Users\\anast\\Documents\\studia_magisterka\\I semestr\\ZTP\\project4\\scripts\run_pm25_archive_download.py'
[Thu Jan 29 12:30:45 2026]
Error in rule pm25_archive_download:
    message: None
    jobid: 4
    output: data/2021/pm25_data_2021.parquet
Shutting down, this might take some time.
Exiting because a job execution failed. Look below for error messages
[Thu Jan 29 12:30:45 2026]
Error in rule pm25_archive_download:
    message: None
    jobid: 4
    output: data/2021/pm25_data_2021.parquet
Complete log(s): C:\Users\anast\Documents\studia_magisterka\I semestr\ZTP\project4\.snakemake\log\2026-01-29T123044.737036.snakemake.log
WorkflowError:
At least one job did not complete successfully.
