Assuming unrestricted shared filesystem usage.
host: LAPTOP-GH71FSAC
Building DAG of jobs...
Provided cores: 1 (use --cores to define parallelism)
Rules claiming more threads will be scaled down.
Job stats:
job                      count
---------------------  -------
all                          1
pm25_archive_download        2
pm25_clean                   2
total                        5

Select jobs to execute...
Execute 1 jobs...
[Thu Jan 29 14:56:49 2026]
localrule pm25_archive_download:
    output: data/raw/pm25_data_2021.pkl
    jobid: 2
    reason: Missing output files: data/raw/pm25_data_2021.pkl
    wildcards: year=2021
    resources: tmpdir=C:\Users\anast\AppData\Local\Temp
Select jobs to execute...
RuleException:
CalledProcessError in file "C:\Users\anast\Documents\studia_magisterka\I_semestr\ZTP\project4\Snakefile", line 28:
Command 'C:/Users/anast/envs/ztp/Scripts/python.exe "C:\Users\anast\Documents\studia_magisterka\I_semestr\ZTP\project4\.snakemake\scripts\tmp3mxd0yly.run_archive_data_year.py"' returned non-zero exit status 1.
[Thu Jan 29 14:59:59 2026]
Error in rule pm25_archive_download:
    message: None
    jobid: 2
    output: data/raw/pm25_data_2021.pkl
Shutting down, this might take some time.
Exiting because a job execution failed. Look below for error messages
[Thu Jan 29 14:59:59 2026]
Error in rule pm25_archive_download:
    message: None
    jobid: 2
    output: data/raw/pm25_data_2021.pkl
Complete log(s): C:\Users\anast\Documents\studia_magisterka\I_semestr\ZTP\project4\.snakemake\log\2026-01-29T145649.743909.snakemake.log
WorkflowError:
At least one job did not complete successfully.
