Assuming unrestricted shared filesystem usage.
host: LAPTOP-GH71FSAC
Building DAG of jobs...
Provided cores: 1 (use --cores to define parallelism)
Rules claiming more threads will be scaled down.
Job stats:
job                      count
---------------------  -------
all                          1
pm25_archive_download        2
total                        3

Select jobs to execute...
Execute 1 jobs...
[Thu Jan 29 13:15:44 2026]
localrule pm25_archive_download:
    output: C:/Users/anast/Documents/studia_magisterka/I_semestr/ZTP/project4/data/2021/pm25_data_2021.pkl
    jobid: 2
    reason: Missing output files: C:/Users/anast/Documents/studia_magisterka/I_semestr/ZTP/project4/data/2021/pm25_data_2021.pkl
    wildcards: year=2021
    resources: tmpdir=C:\Users\anast\AppData\Local\Temp
Select jobs to execute...
[Thu Jan 29 13:19:23 2026]
Finished jobid: 2 (Rule: pm25_archive_download)
1 of 3 steps (33%) done
Execute 1 jobs...
[Thu Jan 29 13:19:23 2026]
localrule pm25_archive_download:
    output: C:/Users/anast/Documents/studia_magisterka/I_semestr/ZTP/project4/data/2024/pm25_data_2024.pkl
    jobid: 3
    reason: Missing output files: C:/Users/anast/Documents/studia_magisterka/I_semestr/ZTP/project4/data/2024/pm25_data_2024.pkl
    wildcards: year=2024
    resources: tmpdir=C:\Users\anast\AppData\Local\Temp
[Thu Jan 29 13:21:35 2026]
Finished jobid: 3 (Rule: pm25_archive_download)
2 of 3 steps (67%) done
Select jobs to execute...
Execute 1 jobs...
[Thu Jan 29 13:21:35 2026]
localrule all:
    input: C:/Users/anast/Documents/studia_magisterka/I_semestr/ZTP/project4/data/metadata.parquet, C:/Users/anast/Documents/studia_magisterka/I_semestr/ZTP/project4/data/2021/pm25_data_2021.pkl, C:/Users/anast/Documents/studia_magisterka/I_semestr/ZTP/project4/data/2024/pm25_data_2024.pkl
    jobid: 0
    reason: Input files updated by another job: C:/Users/anast/Documents/studia_magisterka/I_semestr/ZTP/project4/data/2021/pm25_data_2021.pkl, C:/Users/anast/Documents/studia_magisterka/I_semestr/ZTP/project4/data/2024/pm25_data_2024.pkl
    resources: tmpdir=C:\Users\anast\AppData\Local\Temp
[Thu Jan 29 13:21:35 2026]
Finished jobid: 0 (Rule: all)
3 of 3 steps (100%) done
Complete log(s): C:\Users\anast\Documents\studia_magisterka\I_semestr\ZTP\project4\.snakemake\log\2026-01-29T131543.976408.snakemake.log
