Assuming unrestricted shared filesystem usage.
host: LAPTOP-GH71FSAC
Building DAG of jobs...
Provided cores: 1 (use --cores to define parallelism)
Rules claiming more threads will be scaled down.
Job stats:
job                      count
---------------------  -------
all                          1
pm25_archive_download        1
pm25_clean                   2
total                        4

Select jobs to execute...
Execute 1 jobs...
[Thu Jan 29 15:16:46 2026]
localrule pm25_clean:
    input: data/dictionaries.pkl, data/raw/pm25_data_2021.pkl
    output: data/clean/pm25_data_clean_2021.pkl
    jobid: 5
    reason: Missing output files: data/clean/pm25_data_clean_2021.pkl
    wildcards: year=2021
    resources: tmpdir=C:\Users\anast\AppData\Local\Temp
Select jobs to execute...
[Thu Jan 29 15:16:47 2026]
Finished jobid: 5 (Rule: pm25_clean)
1 of 4 steps (25%) done
Execute 1 jobs...
[Thu Jan 29 15:16:47 2026]
localrule pm25_archive_download:
    output: data/raw/pm25_data_2024.pkl
    jobid: 3
    reason: Missing output files: data/raw/pm25_data_2024.pkl
    wildcards: year=2024
    resources: tmpdir=C:\Users\anast\AppData\Local\Temp
[Thu Jan 29 15:18:17 2026]
Finished jobid: 3 (Rule: pm25_archive_download)
2 of 4 steps (50%) done
Select jobs to execute...
Execute 1 jobs...
[Thu Jan 29 15:18:17 2026]
localrule pm25_clean:
    input: data/dictionaries.pkl, data/raw/pm25_data_2024.pkl
    output: data/clean/pm25_data_clean_2024.pkl
    jobid: 6
    reason: Missing output files: data/clean/pm25_data_clean_2024.pkl; Input files updated by another job: data/raw/pm25_data_2024.pkl
    wildcards: year=2024
    resources: tmpdir=C:\Users\anast\AppData\Local\Temp
[Thu Jan 29 15:18:18 2026]
Finished jobid: 6 (Rule: pm25_clean)
3 of 4 steps (75%) done
Select jobs to execute...
Execute 1 jobs...
[Thu Jan 29 15:18:18 2026]
localrule all:
    input: data/metadata.pkl, data/raw/pm25_data_2021.pkl, data/raw/pm25_data_2024.pkl, data/dictionaries.pkl, data/clean/pm25_data_clean_2021.pkl, data/clean/pm25_data_clean_2024.pkl
    jobid: 0
    reason: Input files updated by another job: data/clean/pm25_data_clean_2021.pkl, data/clean/pm25_data_clean_2024.pkl, data/raw/pm25_data_2024.pkl
    resources: tmpdir=C:\Users\anast\AppData\Local\Temp
[Thu Jan 29 15:18:18 2026]
Finished jobid: 0 (Rule: all)
4 of 4 steps (100%) done
Complete log(s): C:\Users\anast\Documents\studia_magisterka\I_semestr\ZTP\project4\.snakemake\log\2026-01-29T151646.120517.snakemake.log
